11:38 || Information || Microsoft.AspNetCore.DataProtection.KeyManagement.XmlKeyManager || User profile is available. Using '"C:\Users\Administrator\AppData\Local\ASP.NET\DataProtection-Keys"' as key repository and Windows DPAPI to encrypt keys at rest. ||  ||end 
11:38 || Information || Microsoft.Hosting.Lifetime || Now listening on: "http://localhost:44322" ||  ||end 
11:38 || Information || Microsoft.Hosting.Lifetime || Application started. Press Ctrl+C to shut down. ||  ||end 
11:38 || Information || Microsoft.Hosting.Lifetime || Hosting environment: "Development" ||  ||end 
11:38 || Information || Microsoft.Hosting.Lifetime || Content root path: "I:\个人\ManagerSys\ManagerSys\" ||  ||end 
11:38 || Information || Microsoft.AspNetCore.Hosting.Diagnostics || Request starting HTTP/1.1 GET http://localhost:44322/swagger/index.html - - ||  ||end 
11:38 || Information || Microsoft.AspNetCore.Hosting.Diagnostics || Request starting HTTP/1.1 GET http://localhost:44322/_framework/aspnetcore-browser-refresh.js - - ||  ||end 
11:38 || Information || Microsoft.AspNetCore.Hosting.Diagnostics || Request finished HTTP/1.1 GET http://localhost:44322/_framework/aspnetcore-browser-refresh.js - - - 200 12000 application/javascript;+charset=utf-8 3.3367ms ||  ||end 
11:38 || Information || Microsoft.AspNetCore.Hosting.Diagnostics || Request starting HTTP/1.1 GET http://localhost:44322/_vs/browserLink - - ||  ||end 
11:38 || Information || Microsoft.AspNetCore.Hosting.Diagnostics || Request finished HTTP/1.1 GET http://localhost:44322/swagger/index.html - - - 200 - text/html;charset=utf-8 271.8467ms ||  ||end 
11:38 || Information || Microsoft.AspNetCore.Hosting.Diagnostics || Request finished HTTP/1.1 GET http://localhost:44322/_vs/browserLink - - - 200 - text/javascript;+charset=UTF-8 23.5320ms ||  ||end 
11:38 || Information || Microsoft.AspNetCore.Hosting.Diagnostics || Request starting HTTP/1.1 GET http://localhost:44322/swagger/v1/swagger.json - - ||  ||end 
11:38 || Information || Microsoft.AspNetCore.Hosting.Diagnostics || Request finished HTTP/1.1 GET http://localhost:44322/swagger/v1/swagger.json - - - 200 - application/json;charset=utf-8 86.8901ms ||  ||end 
11:39 || Information || Microsoft.AspNetCore.Hosting.Diagnostics || Request starting HTTP/1.1 GET http://localhost:44322/_framework/aspnetcore-browser-refresh.js - - ||  ||end 
11:39 || Information || Microsoft.AspNetCore.Hosting.Diagnostics || Request finished HTTP/1.1 GET http://localhost:44322/_framework/aspnetcore-browser-refresh.js - - - 200 12000 application/javascript;+charset=utf-8 1.5449ms ||  ||end 
11:39 || Information || Microsoft.AspNetCore.Hosting.Diagnostics || Request starting HTTP/1.1 GET http://localhost:44322/LogDashboard - - ||  ||end 
11:39 || Information || Microsoft.AspNetCore.Hosting.Diagnostics || Request finished HTTP/1.1 GET http://localhost:44322/LogDashboard - - - 401 0 - 125.4553ms ||  ||end 
11:39 || Information || Microsoft.AspNetCore.Hosting.Diagnostics || Request starting HTTP/1.1 GET http://localhost:44322/LogDashboard - - ||  ||end 
11:39 || Information || Microsoft.AspNetCore.Hosting.Diagnostics || Request starting HTTP/1.1 GET http://localhost:44322/LogDashboard/css.simple-line-icons.css - - ||  ||end 
11:39 || Information || Microsoft.AspNetCore.Hosting.Diagnostics || Request starting HTTP/1.1 GET http://localhost:44322/LogDashboard/css.bootstrap.min.css - - ||  ||end 
11:39 || Information || Microsoft.AspNetCore.Hosting.Diagnostics || Request starting HTTP/1.1 GET http://localhost:44322/LogDashboard/css.font-awesome.min.css - - ||  ||end 
11:39 || Information || Microsoft.AspNetCore.Hosting.Diagnostics || Request starting HTTP/1.1 GET http://localhost:44322/LogDashboard/css.tempusdominus-bootstrap-4.min.css - - ||  ||end 
11:39 || Information || Microsoft.AspNetCore.Hosting.Diagnostics || Request finished HTTP/1.1 GET http://localhost:44322/LogDashboard - - - 200 - text/html 352.6475ms ||  ||end 
11:39 || Information || Microsoft.AspNetCore.Hosting.Diagnostics || Request starting HTTP/1.1 GET http://localhost:44322/LogDashboard/css.styles.css - - ||  ||end 
11:39 || Information || Microsoft.AspNetCore.Hosting.Diagnostics || Request starting HTTP/1.1 GET http://localhost:44322/LogDashboard/js.jquery.min.js - - ||  ||end 
11:39 || Information || Microsoft.AspNetCore.Hosting.Diagnostics || Request finished HTTP/1.1 GET http://localhost:44322/LogDashboard/css.tempusdominus-bootstrap-4.min.css - - - 200 - text/css 12.3280ms ||  ||end 
11:39 || Information || Microsoft.AspNetCore.Hosting.Diagnostics || Request finished HTTP/1.1 GET http://localhost:44322/LogDashboard/css.font-awesome.min.css - - - 200 - text/css 12.3327ms ||  ||end 
11:39 || Information || Microsoft.AspNetCore.Hosting.Diagnostics || Request finished HTTP/1.1 GET http://localhost:44322/LogDashboard/css.simple-line-icons.css - - - 200 - text/css 19.0044ms ||  ||end 
11:39 || Information || Microsoft.AspNetCore.Hosting.Diagnostics || Request starting HTTP/1.1 GET http://localhost:44322/LogDashboard/js.Chart.min.js - - ||  ||end 
11:39 || Information || Microsoft.AspNetCore.Hosting.Diagnostics || Request starting HTTP/1.1 GET http://localhost:44322/LogDashboard/js.bootstrap.min.js - - ||  ||end 
11:39 || Information || Microsoft.AspNetCore.Hosting.Diagnostics || Request finished HTTP/1.1 GET http://localhost:44322/LogDashboard/js.bootstrap.min.js - - - 200 - application/javascript 0.2734ms ||  ||end 
11:39 || Information || Microsoft.AspNetCore.Hosting.Diagnostics || Request starting HTTP/1.1 GET http://localhost:44322/LogDashboard/js.moment.min.js - - ||  ||end 
11:39 || Information || Microsoft.AspNetCore.Hosting.Diagnostics || Request finished HTTP/1.1 GET http://localhost:44322/LogDashboard/js.moment.min.js - - - 200 - application/javascript 1.4640ms ||  ||end 
11:39 || Information || Microsoft.AspNetCore.Hosting.Diagnostics || Request starting HTTP/1.1 GET http://localhost:44322/LogDashboard/js.tempusdominus-bootstrap-4.js - - ||  ||end 
11:39 || Information || Microsoft.AspNetCore.Hosting.Diagnostics || Request starting HTTP/1.1 GET http://localhost:44322/LogDashboard/js.spin.min.js - - ||  ||end 
11:39 || Information || Microsoft.AspNetCore.Hosting.Diagnostics || Request finished HTTP/1.1 GET http://localhost:44322/LogDashboard/js.spin.min.js - - - 200 - application/javascript 0.2794ms ||  ||end 
11:39 || Information || Microsoft.AspNetCore.Hosting.Diagnostics || Request finished HTTP/1.1 GET http://localhost:44322/LogDashboard/js.jquery.min.js - - - 200 - application/javascript 15.8394ms ||  ||end 
11:39 || Information || Microsoft.AspNetCore.Hosting.Diagnostics || Request finished HTTP/1.1 GET http://localhost:44322/LogDashboard/js.tempusdominus-bootstrap-4.js - - - 200 - application/javascript 6.8338ms ||  ||end 
11:39 || Information || Microsoft.AspNetCore.Hosting.Diagnostics || Request finished HTTP/1.1 GET http://localhost:44322/LogDashboard/js.Chart.min.js - - - 200 - application/javascript 11.1346ms ||  ||end 
11:39 || Information || Microsoft.AspNetCore.Hosting.Diagnostics || Request finished HTTP/1.1 GET http://localhost:44322/LogDashboard/css.bootstrap.min.css - - - 200 - text/css 33.2282ms ||  ||end 
11:39 || Information || Microsoft.AspNetCore.Hosting.Diagnostics || Request finished HTTP/1.1 GET http://localhost:44322/LogDashboard/css.styles.css - - - 200 - text/css 15.8689ms ||  ||end 
11:39 || Information || Microsoft.AspNetCore.Hosting.Diagnostics || Request starting HTTP/1.1 GET http://localhost:44322/LogDashboard/js.log.js - - ||  ||end 
11:39 || Information || Microsoft.AspNetCore.Hosting.Diagnostics || Request finished HTTP/1.1 GET http://localhost:44322/LogDashboard/js.log.js - - - 200 - application/javascript 0.1767ms ||  ||end 
11:39 || Information || Microsoft.AspNetCore.Hosting.Diagnostics || Request starting HTTP/1.1 GET http://localhost:44322/_framework/aspnetcore-browser-refresh.js - - ||  ||end 
11:39 || Information || Microsoft.AspNetCore.Hosting.Diagnostics || Request finished HTTP/1.1 GET http://localhost:44322/_framework/aspnetcore-browser-refresh.js - - - 200 12000 application/javascript;+charset=utf-8 2.1437ms ||  ||end 
11:39 || Information || Microsoft.AspNetCore.Hosting.Diagnostics || Request starting HTTP/1.1 GET http://localhost:44322/LogDashboard/js.home.js - - ||  ||end 
11:39 || Information || Microsoft.AspNetCore.Hosting.Diagnostics || Request finished HTTP/1.1 GET http://localhost:44322/LogDashboard/js.home.js - - - 200 - application/javascript 0.1246ms ||  ||end 
11:39 || Information || Microsoft.AspNetCore.Hosting.Diagnostics || Request starting HTTP/1.1 GET http://localhost:44322/_vs/browserLink - - ||  ||end 
11:39 || Information || Microsoft.AspNetCore.Hosting.Diagnostics || Request finished HTTP/1.1 GET http://localhost:44322/_vs/browserLink - - - 200 - text/javascript;+charset=UTF-8 9.6251ms ||  ||end 
11:39 || Information || Microsoft.AspNetCore.Hosting.Diagnostics || Request starting HTTP/1.1 GET http://localhost:44322/LogDashboard/font.Simple-Line-Icons.woff2 - - ||  ||end 
11:39 || Information || Microsoft.AspNetCore.Hosting.Diagnostics || Request starting HTTP/1.1 GET http://localhost:44322/LogDashboard/font.fontawesome-webfont.woff2 - - ||  ||end 
11:39 || Information || Microsoft.AspNetCore.Hosting.Diagnostics || Request finished HTTP/1.1 GET http://localhost:44322/LogDashboard/font.Simple-Line-Icons.woff2 - - - 200 - font/woff2 0.1785ms ||  ||end 
11:39 || Information || Microsoft.AspNetCore.Hosting.Diagnostics || Request finished HTTP/1.1 GET http://localhost:44322/LogDashboard/font.fontawesome-webfont.woff2 - - - 200 - font/woff2 0.7014ms ||  ||end 
11:39 || Information || Microsoft.AspNetCore.Hosting.Diagnostics || Request starting HTTP/1.1 GET http://localhost:44322/favicon.ico - - ||  ||end 
11:39 || Information || Microsoft.AspNetCore.Hosting.Diagnostics || Request finished HTTP/1.1 GET http://localhost:44322/favicon.ico - - - 404 0 - 22.6958ms ||  ||end 
11:39 || Information || Microsoft.AspNetCore.Hosting.Diagnostics || Request starting HTTP/1.1 GET http://localhost:44322/LogDashboard/Dashboard/BasicLog?All=true - - ||  ||end 
11:39 || Information || Microsoft.AspNetCore.Hosting.Diagnostics || Request finished HTTP/1.1 GET http://localhost:44322/LogDashboard/Dashboard/BasicLog?All=true - - - 200 - text/html 67.6263ms ||  ||end 
11:39 || Information || Microsoft.AspNetCore.Hosting.Diagnostics || Request starting HTTP/1.1 GET http://localhost:44322/LogDashboard/css.simple-line-icons.css - - ||  ||end 
11:39 || Information || Microsoft.AspNetCore.Hosting.Diagnostics || Request finished HTTP/1.1 GET http://localhost:44322/LogDashboard/css.simple-line-icons.css - - - 200 - text/css 0.1730ms ||  ||end 
11:39 || Information || Microsoft.AspNetCore.Hosting.Diagnostics || Request starting HTTP/1.1 GET http://localhost:44322/LogDashboard/css.bootstrap.min.css - - ||  ||end 
11:39 || Information || Microsoft.AspNetCore.Hosting.Diagnostics || Request starting HTTP/1.1 GET http://localhost:44322/LogDashboard/css.tempusdominus-bootstrap-4.min.css - - ||  ||end 
11:39 || Information || Microsoft.AspNetCore.Hosting.Diagnostics || Request starting HTTP/1.1 GET http://localhost:44322/LogDashboard/css.font-awesome.min.css - - ||  ||end 
11:39 || Information || Microsoft.AspNetCore.Hosting.Diagnostics || Request finished HTTP/1.1 GET http://localhost:44322/LogDashboard/css.bootstrap.min.css - - - 200 - text/css 0.6235ms ||  ||end 
11:39 || Information || Microsoft.AspNetCore.Hosting.Diagnostics || Request finished HTTP/1.1 GET http://localhost:44322/LogDashboard/css.tempusdominus-bootstrap-4.min.css - - - 200 - text/css 0.1466ms ||  ||end 
11:39 || Information || Microsoft.AspNetCore.Hosting.Diagnostics || Request finished HTTP/1.1 GET http://localhost:44322/LogDashboard/css.font-awesome.min.css - - - 200 - text/css 0.2217ms ||  ||end 
11:39 || Information || Microsoft.AspNetCore.Hosting.Diagnostics || Request starting HTTP/1.1 GET http://localhost:44322/LogDashboard/css.styles.css - - ||  ||end 
11:39 || Information || Microsoft.AspNetCore.Hosting.Diagnostics || Request starting HTTP/1.1 GET http://localhost:44322/LogDashboard/js.jquery.min.js - - ||  ||end 
11:39 || Information || Microsoft.AspNetCore.Hosting.Diagnostics || Request starting HTTP/1.1 GET http://localhost:44322/LogDashboard/js.Chart.min.js - - ||  ||end 
11:39 || Information || Microsoft.AspNetCore.Hosting.Diagnostics || Request finished HTTP/1.1 GET http://localhost:44322/LogDashboard/css.styles.css - - - 200 - text/css 0.9403ms ||  ||end 
11:39 || Information || Microsoft.AspNetCore.Hosting.Diagnostics || Request finished HTTP/1.1 GET http://localhost:44322/LogDashboard/js.jquery.min.js - - - 200 - application/javascript 0.8857ms ||  ||end 
11:39 || Information || Microsoft.AspNetCore.Hosting.Diagnostics || Request finished HTTP/1.1 GET http://localhost:44322/LogDashboard/js.Chart.min.js - - - 200 - application/javascript 1.1411ms ||  ||end 
11:39 || Information || Microsoft.AspNetCore.Hosting.Diagnostics || Request starting HTTP/1.1 GET http://localhost:44322/LogDashboard/js.bootstrap.min.js - - ||  ||end 
11:39 || Information || Microsoft.AspNetCore.Hosting.Diagnostics || Request starting HTTP/1.1 GET http://localhost:44322/LogDashboard/js.moment.min.js - - ||  ||end 
11:39 || Information || Microsoft.AspNetCore.Hosting.Diagnostics || Request finished HTTP/1.1 GET http://localhost:44322/LogDashboard/js.bootstrap.min.js - - - 200 - application/javascript 0.2245ms ||  ||end 
11:39 || Information || Microsoft.AspNetCore.Hosting.Diagnostics || Request finished HTTP/1.1 GET http://localhost:44322/LogDashboard/js.moment.min.js - - - 200 - application/javascript 0.1922ms ||  ||end 
11:39 || Information || Microsoft.AspNetCore.Hosting.Diagnostics || Request starting HTTP/1.1 GET http://localhost:44322/LogDashboard/js.tempusdominus-bootstrap-4.js - - ||  ||end 
11:39 || Information || Microsoft.AspNetCore.Hosting.Diagnostics || Request starting HTTP/1.1 GET http://localhost:44322/LogDashboard/js.spin.min.js - - ||  ||end 
11:39 || Information || Microsoft.AspNetCore.Hosting.Diagnostics || Request finished HTTP/1.1 GET http://localhost:44322/LogDashboard/js.spin.min.js - - - 200 - application/javascript 0.3364ms ||  ||end 
11:39 || Information || Microsoft.AspNetCore.Hosting.Diagnostics || Request finished HTTP/1.1 GET http://localhost:44322/LogDashboard/js.tempusdominus-bootstrap-4.js - - - 200 - application/javascript 0.7774ms ||  ||end 
11:39 || Information || Microsoft.AspNetCore.Hosting.Diagnostics || Request starting HTTP/1.1 GET http://localhost:44322/LogDashboard/js.log.js - - ||  ||end 
11:39 || Information || Microsoft.AspNetCore.Hosting.Diagnostics || Request finished HTTP/1.1 GET http://localhost:44322/LogDashboard/js.log.js - - - 200 - application/javascript 0.3379ms ||  ||end 
11:39 || Information || Microsoft.AspNetCore.Hosting.Diagnostics || Request starting HTTP/1.1 GET http://localhost:44322/LogDashboard/js.basicLog.js - - ||  ||end 
11:39 || Information || Microsoft.AspNetCore.Hosting.Diagnostics || Request starting HTTP/1.1 GET http://localhost:44322/_framework/aspnetcore-browser-refresh.js - - ||  ||end 
11:39 || Information || Microsoft.AspNetCore.Hosting.Diagnostics || Request finished HTTP/1.1 GET http://localhost:44322/_framework/aspnetcore-browser-refresh.js - - - 200 12000 application/javascript;+charset=utf-8 0.1044ms ||  ||end 
11:39 || Information || Microsoft.AspNetCore.Hosting.Diagnostics || Request finished HTTP/1.1 GET http://localhost:44322/LogDashboard/js.basicLog.js - - - 200 - application/javascript 0.1825ms ||  ||end 
11:39 || Information || Microsoft.AspNetCore.Hosting.Diagnostics || Request starting HTTP/1.1 GET http://localhost:44322/_vs/browserLink - - ||  ||end 
11:39 || Information || Microsoft.AspNetCore.Hosting.Diagnostics || Request finished HTTP/1.1 GET http://localhost:44322/_vs/browserLink - - - 200 - text/javascript;+charset=UTF-8 8.8397ms ||  ||end 
11:39 || Information || Microsoft.AspNetCore.Hosting.Diagnostics || Request starting HTTP/1.1 GET http://localhost:44322/LogDashboard/font.fontawesome-webfont.woff2 - - ||  ||end 
11:39 || Information || Microsoft.AspNetCore.Hosting.Diagnostics || Request starting HTTP/1.1 GET http://localhost:44322/LogDashboard/font.Simple-Line-Icons.woff2 - - ||  ||end 
11:39 || Information || Microsoft.AspNetCore.Hosting.Diagnostics || Request finished HTTP/1.1 GET http://localhost:44322/LogDashboard/font.Simple-Line-Icons.woff2 - - - 200 - font/woff2 0.1889ms ||  ||end 
11:39 || Information || Microsoft.AspNetCore.Hosting.Diagnostics || Request finished HTTP/1.1 GET http://localhost:44322/LogDashboard/font.fontawesome-webfont.woff2 - - - 200 - font/woff2 0.7338ms ||  ||end 
11:39 || Information || Microsoft.AspNetCore.Hosting.Diagnostics || Request starting HTTP/1.1 POST http://localhost:44322/LogDashboard/Dashboard/LogInfo application/json 234 ||  ||end 
11:39 || Information || Microsoft.AspNetCore.Hosting.Diagnostics || Request finished HTTP/1.1 POST http://localhost:44322/LogDashboard/Dashboard/LogInfo application/json 234 - 200 - text/html 28.4150ms ||  ||end 
11:39 || Information || Microsoft.AspNetCore.Hosting.Diagnostics || Request starting HTTP/1.1 POST http://localhost:44322/LogDashboard/Dashboard/Searchlog application/json 39 ||  ||end 
11:39 || Information || Microsoft.AspNetCore.Hosting.Diagnostics || Request finished HTTP/1.1 POST http://localhost:44322/LogDashboard/Dashboard/Searchlog application/json 39 - 200 - text/json 15.1742ms ||  ||end 
11:39 || Information || Microsoft.AspNetCore.Hosting.Diagnostics || Request starting HTTP/1.1 POST http://localhost:44322/LogDashboard/Dashboard/Searchlog application/json 39 ||  ||end 
11:39 || Information || Microsoft.AspNetCore.Hosting.Diagnostics || Request finished HTTP/1.1 POST http://localhost:44322/LogDashboard/Dashboard/Searchlog application/json 39 - 200 - text/json 7.8780ms ||  ||end 
11:39 || Information || Microsoft.AspNetCore.Hosting.Diagnostics || Request starting HTTP/1.1 POST http://localhost:44322/LogDashboard/Dashboard/Searchlog application/json 39 ||  ||end 
11:39 || Information || Microsoft.AspNetCore.Hosting.Diagnostics || Request finished HTTP/1.1 POST http://localhost:44322/LogDashboard/Dashboard/Searchlog application/json 39 - 200 - text/json 8.2142ms ||  ||end 
11:39 || Information || Microsoft.AspNetCore.Hosting.Diagnostics || Request starting HTTP/1.1 POST http://localhost:44322/LogDashboard/Dashboard/Searchlog application/json 40 ||  ||end 
11:39 || Information || Microsoft.AspNetCore.Hosting.Diagnostics || Request finished HTTP/1.1 POST http://localhost:44322/LogDashboard/Dashboard/Searchlog application/json 40 - 200 - text/json 6.3629ms ||  ||end 
11:40 || Information || Microsoft.AspNetCore.Hosting.Diagnostics || Request starting HTTP/1.1 POST http://localhost:44322/LogDashboard/Dashboard/Searchlog application/json 145 ||  ||end 
11:40 || Information || Microsoft.AspNetCore.Hosting.Diagnostics || Request finished HTTP/1.1 POST http://localhost:44322/LogDashboard/Dashboard/Searchlog application/json 145 - 200 - text/json 14.5769ms ||  ||end 
11:40 || Information || Microsoft.AspNetCore.Hosting.Diagnostics || Request starting HTTP/1.1 POST http://localhost:44322/LogDashboard/Dashboard/LogInfo application/json 245 ||  ||end 
11:40 || Information || Microsoft.AspNetCore.Hosting.Diagnostics || Request finished HTTP/1.1 POST http://localhost:44322/LogDashboard/Dashboard/LogInfo application/json 245 - 200 - text/html 5.0883ms ||  ||end 
11:40 || Information || Microsoft.AspNetCore.Hosting.Diagnostics || Request starting HTTP/1.1 GET http://localhost:44322/LogDashboard - - ||  ||end 
11:40 || Information || Microsoft.AspNetCore.Hosting.Diagnostics || Request finished HTTP/1.1 GET http://localhost:44322/LogDashboard - - - 200 - text/html 33.8998ms ||  ||end 
11:40 || Information || Microsoft.AspNetCore.Hosting.Diagnostics || Request starting HTTP/1.1 GET http://localhost:44322/LogDashboard/css.simple-line-icons.css - - ||  ||end 
11:40 || Information || Microsoft.AspNetCore.Hosting.Diagnostics || Request finished HTTP/1.1 GET http://localhost:44322/LogDashboard/css.simple-line-icons.css - - - 200 - text/css 0.2022ms ||  ||end 
11:40 || Information || Microsoft.AspNetCore.Hosting.Diagnostics || Request starting HTTP/1.1 GET http://localhost:44322/LogDashboard/css.bootstrap.min.css - - ||  ||end 
11:40 || Information || Microsoft.AspNetCore.Hosting.Diagnostics || Request starting HTTP/1.1 GET http://localhost:44322/LogDashboard/css.font-awesome.min.css - - ||  ||end 
11:40 || Information || Microsoft.AspNetCore.Hosting.Diagnostics || Request finished HTTP/1.1 GET http://localhost:44322/LogDashboard/css.font-awesome.min.css - - - 200 - text/css 4.8851ms ||  ||end 
11:40 || Information || Microsoft.AspNetCore.Hosting.Diagnostics || Request starting HTTP/1.1 GET http://localhost:44322/LogDashboard/css.tempusdominus-bootstrap-4.min.css - - ||  ||end 
11:40 || Information || Microsoft.AspNetCore.Hosting.Diagnostics || Request starting HTTP/1.1 GET http://localhost:44322/LogDashboard/css.styles.css - - ||  ||end 
11:40 || Information || Microsoft.AspNetCore.Hosting.Diagnostics || Request starting HTTP/1.1 GET http://localhost:44322/LogDashboard/js.jquery.min.js - - ||  ||end 
11:40 || Information || Microsoft.AspNetCore.Hosting.Diagnostics || Request finished HTTP/1.1 GET http://localhost:44322/LogDashboard/css.tempusdominus-bootstrap-4.min.css - - - 200 - text/css 1.1710ms ||  ||end 
11:40 || Information || Microsoft.AspNetCore.Hosting.Diagnostics || Request starting HTTP/1.1 GET http://localhost:44322/_framework/aspnetcore-browser-refresh.js - - ||  ||end 
11:40 || Information || Microsoft.AspNetCore.Hosting.Diagnostics || Request finished HTTP/1.1 GET http://localhost:44322/_framework/aspnetcore-browser-refresh.js - - - 200 12000 application/javascript;+charset=utf-8 0.0747ms ||  ||end 
11:40 || Information || Microsoft.AspNetCore.Hosting.Diagnostics || Request starting HTTP/1.1 GET http://localhost:44322/LogDashboard/js.Chart.min.js - - ||  ||end 
11:40 || Information || Microsoft.AspNetCore.Hosting.Diagnostics || Request starting HTTP/1.1 GET http://localhost:44322/LogDashboard/js.bootstrap.min.js - - ||  ||end 
11:40 || Information || Microsoft.AspNetCore.Hosting.Diagnostics || Request finished HTTP/1.1 GET http://localhost:44322/LogDashboard/css.bootstrap.min.css - - - 200 - text/css 11.1701ms ||  ||end 
11:40 || Information || Microsoft.AspNetCore.Hosting.Diagnostics || Request starting HTTP/1.1 GET http://localhost:44322/LogDashboard/js.moment.min.js - - ||  ||end 
11:40 || Information || Microsoft.AspNetCore.Hosting.Diagnostics || Request finished HTTP/1.1 GET http://localhost:44322/LogDashboard/js.bootstrap.min.js - - - 200 - application/javascript 1.0688ms ||  ||end 
11:40 || Information || Microsoft.AspNetCore.Hosting.Diagnostics || Request finished HTTP/1.1 GET http://localhost:44322/LogDashboard/js.moment.min.js - - - 200 - application/javascript 0.9122ms ||  ||end 
11:40 || Information || Microsoft.AspNetCore.Hosting.Diagnostics || Request starting HTTP/1.1 GET http://localhost:44322/LogDashboard/js.tempusdominus-bootstrap-4.js - - ||  ||end 
11:40 || Information || Microsoft.AspNetCore.Hosting.Diagnostics || Request starting HTTP/1.1 GET http://localhost:44322/LogDashboard/js.spin.min.js - - ||  ||end 
11:40 || Information || Microsoft.AspNetCore.Hosting.Diagnostics || Request finished HTTP/1.1 GET http://localhost:44322/LogDashboard/js.spin.min.js - - - 200 - application/javascript 2.0966ms ||  ||end 
11:40 || Information || Microsoft.AspNetCore.Hosting.Diagnostics || Request starting HTTP/1.1 GET http://localhost:44322/LogDashboard/js.log.js - - ||  ||end 
11:40 || Information || Microsoft.AspNetCore.Hosting.Diagnostics || Request finished HTTP/1.1 GET http://localhost:44322/LogDashboard/js.log.js - - - 200 - application/javascript 0.5127ms ||  ||end 
11:40 || Information || Microsoft.AspNetCore.Hosting.Diagnostics || Request starting HTTP/1.1 GET http://localhost:44322/_vs/browserLink - - ||  ||end 
11:40 || Information || Microsoft.AspNetCore.Hosting.Diagnostics || Request starting HTTP/1.1 GET http://localhost:44322/LogDashboard/js.home.js - - ||  ||end 
11:40 || Information || Microsoft.AspNetCore.Hosting.Diagnostics || Request finished HTTP/1.1 GET http://localhost:44322/LogDashboard/js.home.js - - - 200 - application/javascript 0.5386ms ||  ||end 
11:40 || Information || Microsoft.AspNetCore.Hosting.Diagnostics || Request finished HTTP/1.1 GET http://localhost:44322/LogDashboard/css.styles.css - - - 200 - text/css 22.9754ms ||  ||end 
11:40 || Information || Microsoft.AspNetCore.Hosting.Diagnostics || Request finished HTTP/1.1 GET http://localhost:44322/LogDashboard/js.tempusdominus-bootstrap-4.js - - - 200 - application/javascript 15.5429ms ||  ||end 
11:40 || Information || Microsoft.AspNetCore.Hosting.Diagnostics || Request finished HTTP/1.1 GET http://localhost:44322/LogDashboard/js.Chart.min.js - - - 200 - application/javascript 20.0810ms ||  ||end 
11:40 || Information || Microsoft.AspNetCore.Hosting.Diagnostics || Request finished HTTP/1.1 GET http://localhost:44322/LogDashboard/js.jquery.min.js - - - 200 - application/javascript 22.1713ms ||  ||end 
11:40 || Information || Microsoft.AspNetCore.Hosting.Diagnostics || Request finished HTTP/1.1 GET http://localhost:44322/_vs/browserLink - - - 200 - text/javascript;+charset=UTF-8 12.1653ms ||  ||end 
11:40 || Information || Microsoft.AspNetCore.Hosting.Diagnostics || Request starting HTTP/1.1 GET http://localhost:44322/LogDashboard/font.Simple-Line-Icons.woff2 - - ||  ||end 
11:40 || Information || Microsoft.AspNetCore.Hosting.Diagnostics || Request starting HTTP/1.1 GET http://localhost:44322/LogDashboard/font.fontawesome-webfont.woff2 - - ||  ||end 
11:40 || Information || Microsoft.AspNetCore.Hosting.Diagnostics || Request finished HTTP/1.1 GET http://localhost:44322/LogDashboard/font.Simple-Line-Icons.woff2 - - - 200 - font/woff2 0.1986ms ||  ||end 
11:40 || Information || Microsoft.AspNetCore.Hosting.Diagnostics || Request finished HTTP/1.1 GET http://localhost:44322/LogDashboard/font.fontawesome-webfont.woff2 - - - 200 - font/woff2 0.7366ms ||  ||end 
11:42 || Information || Microsoft.AspNetCore.DataProtection.KeyManagement.XmlKeyManager || User profile is available. Using '"C:\Users\Administrator\AppData\Local\ASP.NET\DataProtection-Keys"' as key repository and Windows DPAPI to encrypt keys at rest. ||  ||end 
11:42 || Information || Microsoft.AspNetCore.Hosting.Diagnostics || Request starting HTTP/1.1 GET http://localhost:44322/swagger/index.html - - ||  ||end 
11:42 || Information || Microsoft.AspNetCore.Hosting.Diagnostics || Request starting HTTP/1.1 GET http://localhost:44322/_framework/aspnetcore-browser-refresh.js - - ||  ||end 
11:42 || Information || Microsoft.AspNetCore.Hosting.Diagnostics || Request finished HTTP/1.1 GET http://localhost:44322/_framework/aspnetcore-browser-refresh.js - - - 200 12000 application/javascript;+charset=utf-8 2.7146ms ||  ||end 
11:42 || Information || Microsoft.AspNetCore.Hosting.Diagnostics || Request starting HTTP/1.1 GET http://localhost:44322/_vs/browserLink - - ||  ||end 
11:42 || Information || Microsoft.AspNetCore.Hosting.Diagnostics || Request finished HTTP/1.1 GET http://localhost:44322/swagger/index.html - - - 200 - text/html;charset=utf-8 280.4724ms ||  ||end 
11:42 || Information || Microsoft.AspNetCore.Hosting.Diagnostics || Request finished HTTP/1.1 GET http://localhost:44322/_vs/browserLink - - - 200 - text/javascript;+charset=UTF-8 23.0014ms ||  ||end 
11:42 || Information || Microsoft.AspNetCore.Hosting.Diagnostics || Request starting HTTP/1.1 GET http://localhost:44322/swagger/v1/swagger.json - - ||  ||end 
11:42 || Information || Microsoft.AspNetCore.Hosting.Diagnostics || Request finished HTTP/1.1 GET http://localhost:44322/swagger/v1/swagger.json - - - 200 - application/json;charset=utf-8 88.9565ms ||  ||end 
11:43 || Information || Microsoft.AspNetCore.Hosting.Diagnostics || Request starting HTTP/1.1 GET http://localhost:44322/abp/Swashbuckle/SetCsrfCookie - - ||  ||end 
11:43 || Information || Microsoft.AspNetCore.Routing.EndpointMiddleware || Executing endpoint '"Volo.Abp.Swashbuckle.AbpSwashbuckleController.SetCsrfCookie (Volo.Abp.Swashbuckle)"' ||  ||end 
11:43 || Information || Microsoft.AspNetCore.Mvc.Infrastructure.ControllerActionInvoker || Route matched with "{area = \"Abp\", action = \"SetCsrfCookie\", controller = \"AbpSwashbuckle\"}". Executing controller action with signature "Void SetCsrfCookie()" on controller "Volo.Abp.Swashbuckle.AbpSwashbuckleController" ("Volo.Abp.Swashbuckle"). ||  ||end 
11:43 || Information || Microsoft.AspNetCore.Mvc.Infrastructure.ControllerActionInvoker || Executed action "Volo.Abp.Swashbuckle.AbpSwashbuckleController.SetCsrfCookie (Volo.Abp.Swashbuckle)" in 43.5508ms ||  ||end 
11:43 || Information || Microsoft.AspNetCore.Routing.EndpointMiddleware || Executed endpoint '"Volo.Abp.Swashbuckle.AbpSwashbuckleController.SetCsrfCookie (Volo.Abp.Swashbuckle)"' ||  ||end 
11:43 || Information || Microsoft.AspNetCore.Hosting.Diagnostics || Request finished HTTP/1.1 GET http://localhost:44322/abp/Swashbuckle/SetCsrfCookie - - - 204 - - 85.9927ms ||  ||end 
11:43 || Information || Microsoft.AspNetCore.Hosting.Diagnostics || Request starting HTTP/1.1 GET http://localhost:44322/api/abp/api-definition - - ||  ||end 
11:43 || Information || Microsoft.AspNetCore.Routing.EndpointMiddleware || Executing endpoint '"Volo.Abp.AspNetCore.Mvc.ApiExploring.AbpApiDefinitionController.Get (Volo.Abp.AspNetCore.Mvc)"' ||  ||end 
11:43 || Information || Microsoft.AspNetCore.Mvc.Infrastructure.ControllerActionInvoker || Route matched with "{area = \"abp\", action = \"Get\", controller = \"AbpApiDefinition\"}". Executing controller action with signature "Volo.Abp.Http.Modeling.ApplicationApiDescriptionModel Get(Volo.Abp.Http.Modeling.ApplicationApiDescriptionModelRequestDto)" on controller "Volo.Abp.AspNetCore.Mvc.ApiExploring.AbpApiDefinitionController" ("Volo.Abp.AspNetCore.Mvc"). ||  ||end 
11:43 || Information || Microsoft.AspNetCore.Mvc.Infrastructure.ObjectResultExecutor || Executing "ObjectResult", writing value of type '"Volo.Abp.Http.Modeling.ApplicationApiDescriptionModel"'. ||  ||end 
11:43 || Information || Microsoft.AspNetCore.Mvc.Infrastructure.ControllerActionInvoker || Executed action "Volo.Abp.AspNetCore.Mvc.ApiExploring.AbpApiDefinitionController.Get (Volo.Abp.AspNetCore.Mvc)" in 134.5634ms ||  ||end 
11:43 || Information || Microsoft.AspNetCore.Routing.EndpointMiddleware || Executed endpoint '"Volo.Abp.AspNetCore.Mvc.ApiExploring.AbpApiDefinitionController.Get (Volo.Abp.AspNetCore.Mvc)"' ||  ||end 
11:43 || Information || Microsoft.AspNetCore.Hosting.Diagnostics || Request finished HTTP/1.1 GET http://localhost:44322/api/abp/api-definition - - - 200 - application/json;+charset=utf-8 145.6957ms ||  ||end 
11:43 || Information || Microsoft.AspNetCore.Hosting.Diagnostics || Request starting HTTP/1.1 GET http://localhost:44322/api/abp/api-definition - - ||  ||end 
11:43 || Information || Microsoft.AspNetCore.Routing.EndpointMiddleware || Executing endpoint '"Volo.Abp.AspNetCore.Mvc.ApiExploring.AbpApiDefinitionController.Get (Volo.Abp.AspNetCore.Mvc)"' ||  ||end 
11:43 || Information || Microsoft.AspNetCore.Mvc.Infrastructure.ControllerActionInvoker || Route matched with "{area = \"abp\", action = \"Get\", controller = \"AbpApiDefinition\"}". Executing controller action with signature "Volo.Abp.Http.Modeling.ApplicationApiDescriptionModel Get(Volo.Abp.Http.Modeling.ApplicationApiDescriptionModelRequestDto)" on controller "Volo.Abp.AspNetCore.Mvc.ApiExploring.AbpApiDefinitionController" ("Volo.Abp.AspNetCore.Mvc"). ||  ||end 
11:43 || Information || Microsoft.AspNetCore.Mvc.Infrastructure.ObjectResultExecutor || Executing "ObjectResult", writing value of type '"Volo.Abp.Http.Modeling.ApplicationApiDescriptionModel"'. ||  ||end 
11:43 || Information || Microsoft.AspNetCore.Mvc.Infrastructure.ControllerActionInvoker || Executed action "Volo.Abp.AspNetCore.Mvc.ApiExploring.AbpApiDefinitionController.Get (Volo.Abp.AspNetCore.Mvc)" in 1.3021ms ||  ||end 
11:43 || Information || Microsoft.AspNetCore.Routing.EndpointMiddleware || Executed endpoint '"Volo.Abp.AspNetCore.Mvc.ApiExploring.AbpApiDefinitionController.Get (Volo.Abp.AspNetCore.Mvc)"' ||  ||end 
11:43 || Information || Microsoft.AspNetCore.Hosting.Diagnostics || Request finished HTTP/1.1 GET http://localhost:44322/api/abp/api-definition - - - 200 - application/json;+charset=utf-8 2.8159ms ||  ||end 
11:54 || Information ||  || Starting ManagerSys.Host ||  ||end 
11:57 || Information ||  || Starting ManagerSys.Host... ||  ||end 
11:58 || Information ||  || Starting ManagerSys.Host... ||  ||end 
11:59 || Information ||  || Starting ManagerSys.Host... ||  ||end 
11:59 || Information ||  || 测试Information ||  ||end 
12:02 || Information ||  || Starting ManagerSys.Host... ||  ||end 
12:07 || Information ||  || Starting ManagerSys.Host... ||  ||end 
12:16 || Information ||  || Starting ManagerSys.Host... ||  ||end 
12:31 || Information ||  || Starting ManagerSys.Host... ||  ||end 
12:32 || Information ||  || Starting ManagerSys.Host... ||  ||end 
